TN:
SF:script/DeployEscrowFactory.s.sol
DA:8,1
FN:8,DeployEscrowFactory.setUp
FNDA:1,DeployEscrowFactory.setUp
DA:10,1
FN:10,DeployEscrowFactory.run
FNDA:1,DeployEscrowFactory.run
DA:12,1
DA:13,1
DA:16,1
DA:17,1
DA:18,1
DA:19,1
FNF:2
FNH:2
LF:8
LH:8
BRF:0
BRH:0
end_of_record
TN:
SF:script/DeployPolygon.s.sol
DA:8,0
FN:8,DeployPolygon.setUp
FNDA:0,DeployPolygon.setUp
DA:10,1
FN:10,DeployPolygon.run
FNDA:1,DeployPolygon.run
DA:12,1
DA:13,1
DA:14,1
DA:15,1
DA:16,1
DA:17,1
FNF:2
FNH:1
LF:8
LH:7
BRF:0
BRH:0
end_of_record
TN:
SF:script/DeployURZ.s.sol
DA:17,1
FN:17,DeployURZ.run
FNDA:1,DeployURZ.run
DA:20,1
DA:24,1
DA:27,1
DA:30,1
DA:31,1
FNF:1
FNH:1
LF:6
LH:6
BRF:0
BRH:0
end_of_record
TN:
SF:src/contracts/EscrowFactory.sol
DA:15,3
FN:15,EscrowFactory.constructor
FNDA:3,EscrowFactory.constructor
DA:16,3
BRDA:16,0,0,-
BRDA:16,0,1,3
DA:17,3
DA:22,1
FN:22,EscrowFactory.createEscrow
FNDA:1,EscrowFactory.createEscrow
DA:23,1
DA:24,1
FNF:2
FNH:2
LF:6
LH:6
BRF:2
BRH:1
end_of_record
TN:
SF:src/contracts/EscrowStateMachine.sol
DA:19,10
FN:19,EscrowStateMachine.setTestBypassOnlyOwner
FNDA:10,EscrowStateMachine.setTestBypassOnlyOwner
DA:20,10
BRDA:20,0,0,-
BRDA:20,0,1,10
DA:21,10
DA:58,4
FN:58,EscrowStateMachine.onlyTenant
FNDA:4,EscrowStateMachine.onlyTenant
DA:59,4
BRDA:59,1,0,-
BRDA:59,1,1,1464
DA:63,0
FN:63,EscrowStateMachine.onlyLandlord
FNDA:0,EscrowStateMachine.onlyLandlord
DA:64,0
BRDA:64,2,0,-
BRDA:64,2,1,-
DA:68,19
FN:68,EscrowStateMachine.constructor
FNDA:19,EscrowStateMachine.constructor
DA:69,19
DA:70,19
DA:73,1465
FN:73,EscrowStateMachine.createEscrow
FNDA:1465,EscrowStateMachine.createEscrow
DA:74,1465
BRDA:74,3,0,-
BRDA:74,3,1,1465
DA:75,1465
BRDA:75,4,0,-
BRDA:75,4,1,1465
DA:76,1465
DA:77,1465
DA:86,1465
DA:89,1464
FN:89,EscrowStateMachine.fundEscrow
FNDA:1464,EscrowStateMachine.fundEscrow
DA:90,1464
DA:91,1464
BRDA:91,5,0,-
BRDA:91,5,1,1464
DA:93,1464
DA:95,1464
BRDA:95,6,0,-
BRDA:95,6,1,1464
DA:97,1464
BRDA:97,7,0,-
BRDA:97,7,1,1464
DA:98,1464
DA:99,1464
DA:100,1464
DA:103,10
FN:103,EscrowStateMachine.raiseDispute
FNDA:10,EscrowStateMachine.raiseDispute
DA:104,10
DA:105,10
BRDA:105,8,0,-
BRDA:105,8,1,10
DA:106,10
DA:107,10
DA:108,10
DA:111,10
FN:111,EscrowStateMachine.referDisputeToDAO
FNDA:10,EscrowStateMachine.referDisputeToDAO
DA:112,10
DA:113,10
BRDA:113,9,0,1
BRDA:113,9,1,9
DA:114,9
BRDA:114,10,0,1
BRDA:114,10,1,8
DA:115,8
DA:116,8
DA:117,8
DA:120,6
FN:120,EscrowStateMachine.resolveByDAO
FNDA:6,EscrowStateMachine.resolveByDAO
DA:121,6
BRDA:121,11,0,-
DA:122,0
BRDA:122,12,0,-
BRDA:122,12,1,-
DA:124,6
BRDA:124,13,0,1
BRDA:124,13,1,5
DA:125,5
DA:134,5
DA:135,5
DA:136,5
BRDA:136,14,0,-
BRDA:136,14,1,5
DA:137,5
BRDA:137,15,0,-
BRDA:137,15,1,5
DA:139,5
BRDA:139,16,0,1
BRDA:139,16,1,3
DA:140,1
DA:141,4
BRDA:141,17,0,1
BRDA:141,17,1,3
DA:142,1
DA:143,3
BRDA:143,18,0,3
DA:144,3
DA:147,5
BRDA:147,19,0,1
BRDA:147,19,1,3
DA:148,1
BRDA:148,20,0,-
BRDA:148,20,1,1
DA:149,4
BRDA:149,21,0,1
BRDA:149,21,1,3
DA:150,1
BRDA:150,22,0,-
BRDA:150,22,1,1
DA:151,1
BRDA:151,23,0,-
BRDA:151,23,1,1
DA:152,3
BRDA:152,24,0,3
DA:153,3
BRDA:153,25,0,-
BRDA:153,25,1,3
DA:155,5
DA:158,4
FN:158,EscrowStateMachine.appealToDAO
FNDA:4,EscrowStateMachine.appealToDAO
DA:159,4
BRDA:159,26,0,-
BRDA:159,26,1,4
DA:160,4
DA:169,4
DA:170,4
BRDA:170,27,0,1
BRDA:170,27,1,3
DA:171,3
BRDA:171,28,0,1
BRDA:171,28,1,2
DA:172,2
DA:173,2
DA:176,385
FN:176,EscrowStateMachine.releaseEscrow
FNDA:385,EscrowStateMachine.releaseEscrow
DA:177,385
BRDA:177,29,0,385
DA:178,385
BRDA:178,30,0,-
BRDA:178,30,1,385
DA:180,385
DA:181,385
BRDA:181,31,0,-
BRDA:181,31,1,385
DA:183,385
DA:185,385
BRDA:185,32,0,-
BRDA:185,32,1,385
DA:187,385
BRDA:187,33,0,-
BRDA:187,33,1,385
DA:188,385
DA:189,385
DA:190,385
DA:193,1066
FN:193,EscrowStateMachine.refundEscrow
FNDA:1066,EscrowStateMachine.refundEscrow
DA:194,1066
BRDA:194,34,0,1066
DA:195,1066
BRDA:195,35,0,-
BRDA:195,35,1,1066
DA:197,1066
DA:198,1066
BRDA:198,36,0,-
BRDA:198,36,1,1066
DA:200,1066
DA:202,1066
BRDA:202,37,0,-
BRDA:202,37,1,1066
DA:204,1066
BRDA:204,38,0,-
BRDA:204,38,1,1066
DA:205,1066
DA:206,1066
DA:207,1066
FNF:12
FNH:11
LF:91
LH:88
BRF:73
BRH:45
end_of_record
TN:
SF:src/contracts/UltraRentzDAO.sol
DA:31,13
FN:31,UltraRentzDAO.constructor
FNDA:13,UltraRentzDAO.constructor
DA:32,12
BRDA:32,0,0,-
BRDA:32,0,1,12
DA:35,2
FN:35,UltraRentzDAO.receive
FNDA:2,UltraRentzDAO.receive
DA:36,2
DA:40,1
FN:40,UltraRentzDAO.withdrawEther
FNDA:1,UltraRentzDAO.withdrawEther
DA:41,1
BRDA:41,1,0,-
BRDA:41,1,1,1
DA:42,1
DA:45,3
FN:45,UltraRentzDAO.referDispute
FNDA:3,UltraRentzDAO.referDispute
DA:46,2
BRDA:46,2,0,-
BRDA:46,2,1,2
DA:47,2
BRDA:47,3,0,-
BRDA:47,3,1,2
DA:48,2
DA:58,2
DA:61,2
FN:61,UltraRentzDAO.decideDispute
FNDA:2,UltraRentzDAO.decideDispute
DA:62,2
DA:63,2
BRDA:63,4,0,-
BRDA:63,4,1,2
DA:64,2
BRDA:64,5,0,-
BRDA:64,5,1,2
DA:65,2
DA:66,2
DA:67,2
DA:70,1
FN:70,UltraRentzDAO.submitAppeal
FNDA:1,UltraRentzDAO.submitAppeal
DA:71,1
DA:72,1
BRDA:72,6,0,-
BRDA:72,6,1,1
DA:73,1
BRDA:73,7,0,-
BRDA:73,7,1,1
DA:74,1
DA:75,1
DA:76,1
DA:77,1
DA:81,1
FN:81,UltraRentzDAO.pause
FNDA:1,UltraRentzDAO.pause
DA:82,1
DA:84,1
FN:84,UltraRentzDAO.unpause
FNDA:1,UltraRentzDAO.unpause
DA:85,1
FNF:8
FNH:8
LF:31
LH:31
BRF:16
BRH:8
end_of_record
TN:
SF:src/contracts/UltraRentzEscrow.sol
DA:27,8
FN:27,UltraRentzEscrow.rateCounterparty
FNDA:8,UltraRentzEscrow.rateCounterparty
DA:28,8
BRDA:28,0,0,-
BRDA:28,0,1,8
DA:29,8
DA:30,8
BRDA:30,1,0,-
BRDA:30,1,1,8
DA:31,8
BRDA:31,2,0,1
BRDA:31,2,1,7
DA:35,7
DA:36,7
BRDA:36,3,0,5
BRDA:36,3,1,1
DA:37,5
DA:38,2
BRDA:38,4,0,1
BRDA:38,4,1,1
DA:39,1
DA:41,1
DA:43,6
BRDA:43,5,0,1
BRDA:43,5,1,5
DA:44,5
DA:45,5
DA:46,5
DA:47,5
DA:51,3
FN:51,UltraRentzEscrow.getAverageRating
FNDA:3,UltraRentzEscrow.getAverageRating
DA:52,3
BRDA:52,6,0,-
DA:53,3
DA:104,12
FN:104,UltraRentzEscrow.onlyDAO
FNDA:12,UltraRentzEscrow.onlyDAO
DA:105,12
BRDA:105,7,0,-
BRDA:105,7,1,11
DA:109,9
FN:109,UltraRentzEscrow.onlyTenant
FNDA:9,UltraRentzEscrow.onlyTenant
DA:110,9
BRDA:110,8,0,-
BRDA:110,8,1,32
DA:114,4
FN:114,UltraRentzEscrow.onlySignatory
FNDA:4,UltraRentzEscrow.onlySignatory
DA:115,4
DA:116,4
DA:117,10
BRDA:117,9,0,4
DA:118,4
DA:119,4
DA:122,4
BRDA:122,10,0,2
BRDA:122,10,1,33
DA:126,38
FN:126,UltraRentzEscrow.constructor
FNDA:38,UltraRentzEscrow.constructor
DA:129,37
BRDA:129,11,0,-
BRDA:129,11,1,37
DA:132,1
FN:132,UltraRentzEscrow.receive
FNDA:1,UltraRentzEscrow.receive
DA:133,1
DA:137,3
FN:137,UltraRentzEscrow.withdrawEther
FNDA:3,UltraRentzEscrow.withdrawEther
DA:138,2
BRDA:138,12,0,-
BRDA:138,12,1,2
DA:139,2
DA:140,2
BRDA:140,13,0,1
DA:141,1
DA:146,31
FN:146,UltraRentzEscrow.createEscrow
FNDA:31,UltraRentzEscrow.createEscrow
DA:154,31
BRDA:154,14,0,-
BRDA:154,14,1,31
DA:155,31
BRDA:155,15,0,-
BRDA:155,15,1,31
DA:156,31
BRDA:156,16,0,-
BRDA:156,16,1,31
DA:157,31
BRDA:157,17,0,-
BRDA:157,17,1,31
DA:158,31
DA:159,186
BRDA:159,18,0,-
BRDA:159,18,1,186
DA:162,31
DA:163,31
BRDA:163,19,0,-
BRDA:163,19,1,31
DA:165,31
DA:166,31
DA:167,31
DA:168,31
DA:169,31
DA:170,31
DA:171,31
DA:172,31
DA:173,31
DA:174,31
DA:175,31
DA:177,31
DA:179,31
DA:182,32
FN:182,UltraRentzEscrow.fundEscrow
FNDA:32,UltraRentzEscrow.fundEscrow
DA:183,32
DA:184,32
BRDA:184,20,0,1
BRDA:184,20,1,31
DA:186,31
DA:188,31
DA:189,30
DA:192,35
FN:192,UltraRentzEscrow.approveRelease
FNDA:35,UltraRentzEscrow.approveRelease
DA:193,32
DA:194,32
BRDA:194,21,0,1
BRDA:194,21,1,31
DA:195,31
BRDA:195,22,0,1
BRDA:195,22,1,30
DA:197,30
DA:198,30
DA:199,30
DA:201,30
BRDA:201,23,0,7
DA:202,7
DA:206,4
FN:206,UltraRentzEscrow.releaseAfterEndDate
FNDA:4,UltraRentzEscrow.releaseAfterEndDate
DA:207,4
DA:208,4
BRDA:208,24,0,-
BRDA:208,24,1,4
DA:209,4
BRDA:209,25,0,-
BRDA:209,25,1,4
DA:210,4
BRDA:210,26,0,-
BRDA:210,26,1,4
DA:212,4
DA:213,4
DA:214,4
DA:216,4
BRDA:216,27,0,1
DA:217,1
DA:221,15
FN:221,UltraRentzEscrow.raiseDispute
FNDA:15,UltraRentzEscrow.raiseDispute
DA:222,13
DA:223,13
BRDA:223,28,0,-
BRDA:223,28,1,13
DA:225,13
DA:226,13
DA:228,13
DA:229,13
DA:235,12
FN:235,UltraRentzEscrow.resolveDispute
FNDA:12,UltraRentzEscrow.resolveDispute
DA:236,12
DA:237,12
BRDA:237,29,0,-
BRDA:237,29,1,12
DA:238,12
BRDA:238,30,0,1
BRDA:238,30,1,11
DA:240,11
DA:242,11
DA:246,9
FN:246,UltraRentzEscrow.submitAppeal
FNDA:9,UltraRentzEscrow.submitAppeal
DA:247,9
DA:249,9
BRDA:249,31,0,-
BRDA:249,31,1,9
DA:250,9
BRDA:250,32,0,1
BRDA:250,32,1,8
DA:252,8
DA:253,8
DA:254,8
DA:256,8
DA:257,8
DA:261,9
FN:261,UltraRentzEscrow.finalizeAppealDecision
FNDA:9,UltraRentzEscrow.finalizeAppealDecision
DA:262,8
DA:263,8
BRDA:263,33,0,-
BRDA:263,33,1,8
DA:264,8
BRDA:264,34,0,-
BRDA:264,34,1,8
DA:266,8
DA:268,8
DA:269,8
DA:273,11
FN:273,UltraRentzEscrow.finalizeEscrow
FNDA:11,UltraRentzEscrow.finalizeEscrow
DA:274,11
DA:276,11
DA:277,11
BRDA:277,35,0,-
BRDA:277,35,1,11
DA:279,11
DA:282,11
DA:283,11
BRDA:283,36,0,-
BRDA:283,36,1,11
DA:285,11
BRDA:285,37,0,6
BRDA:285,37,1,5
DA:286,6
DA:288,5
DA:293,19
FN:293,UltraRentzEscrow._recordResolution
FNDA:19,UltraRentzEscrow._recordResolution
DA:299,19
DA:301,11
BRDA:301,38,0,11
BRDA:301,38,1,8
DA:302,11
DA:304,8
DA:309,19
FN:309,UltraRentzEscrow._executeTransfer
FNDA:19,UltraRentzEscrow._executeTransfer
DA:310,19
DA:311,19
DA:312,14
BRDA:312,39,0,14
BRDA:312,39,1,5
DA:313,14
DA:314,14
DA:316,5
DA:317,5
DA:321,2
FN:321,UltraRentzEscrow.pause
FNDA:2,UltraRentzEscrow.pause
DA:322,1
DA:324,1
FN:324,UltraRentzEscrow.unpause
FNDA:1,UltraRentzEscrow.unpause
DA:325,1
DA:330,8
FN:330,UltraRentzEscrow._releaseToLandlord
FNDA:8,UltraRentzEscrow._releaseToLandlord
DA:331,8
DA:332,8
BRDA:332,40,0,-
BRDA:332,40,1,8
DA:335,8
DA:337,8
DA:339,8
DA:342,1
FN:342,UltraRentzEscrow.hasSignatoryApproved
FNDA:1,UltraRentzEscrow.hasSignatoryApproved
DA:343,1
DA:346,1
FN:346,UltraRentzEscrow.getSignatories
FNDA:1,UltraRentzEscrow.getSignatories
DA:347,1
DA:350,1
FN:350,UltraRentzEscrow.getEscrowStatus
FNDA:1,UltraRentzEscrow.getEscrowStatus
DA:351,1
DA:352,1
BRDA:352,41,0,-
DA:353,1
BRDA:353,42,0,1
DA:354,0
BRDA:354,43,0,-
DA:355,0
BRDA:355,44,0,-
DA:356,0
BRDA:356,45,0,-
DA:357,0
BRDA:357,46,0,-
DA:358,0
BRDA:358,47,0,-
DA:359,0
BRDA:359,48,0,-
DA:360,0
DA:363,5
FN:363,UltraRentzEscrow.getEscrowDetails
FNDA:5,UltraRentzEscrow.getEscrowDetails
DA:379,5
DA:380,5
FNF:26
FNH:26
LF:166
LH:159
BRF:85
BRH:54
end_of_record
TN:
SF:src/contracts/UltraRentzStable.sol
DA:23,37
FN:23,UltraRentzStable.constructor
FNDA:37,UltraRentzStable.constructor
DA:24,37
BRDA:24,0,0,-
BRDA:24,0,1,37
DA:25,37
DA:28,1
FN:28,UltraRentzStable.receive
FNDA:1,UltraRentzStable.receive
DA:29,1
DA:33,2
FN:33,UltraRentzStable.withdrawEther
FNDA:2,UltraRentzStable.withdrawEther
DA:34,1
BRDA:34,1,0,-
BRDA:34,1,1,1
DA:35,1
DA:41,1
FN:41,UltraRentzStable.swap
FNDA:1,UltraRentzStable.swap
DA:43,1
DA:46,1
FN:46,UltraRentzStable.addLiquidity
FNDA:1,UltraRentzStable.addLiquidity
DA:48,1
DA:51,1
FN:51,UltraRentzStable.removeLiquidity
FNDA:1,UltraRentzStable.removeLiquidity
DA:53,1
DA:56,1
FN:56,UltraRentzStable.yieldFarm
FNDA:1,UltraRentzStable.yieldFarm
DA:58,1
DA:61,1
FN:61,UltraRentzStable.flashLoan
FNDA:1,UltraRentzStable.flashLoan
DA:63,1
DA:66,1
FN:66,UltraRentzStable.arbitrage
FNDA:1,UltraRentzStable.arbitrage
DA:68,1
DA:72,2258
FN:72,UltraRentzStable.mint
FNDA:2258,UltraRentzStable.mint
DA:73,2258
BRDA:73,2,0,1
BRDA:73,2,1,2257
DA:74,2257
DA:77,1453
FN:77,UltraRentzStable.burn
FNDA:1453,UltraRentzStable.burn
DA:78,1453
BRDA:78,3,0,1
BRDA:78,3,1,1452
DA:79,1452
DA:83,1
FN:83,UltraRentzStable.pause
FNDA:1,UltraRentzStable.pause
DA:84,1
DA:86,1
FN:86,UltraRentzStable.unpause
FNDA:1,UltraRentzStable.unpause
DA:87,1
FNF:13
FNH:13
LF:30
LH:30
BRF:8
BRH:6
end_of_record
TN:
SF:src/contracts/UltraRentzStaking.sol
DA:32,4
FN:32,UltraRentzStaking.constructor
FNDA:4,UltraRentzStaking.constructor
DA:33,4
DA:34,4
DA:37,3
FN:37,UltraRentzStaking.stake
FNDA:3,UltraRentzStaking.stake
DA:38,3
BRDA:38,0,0,-
BRDA:38,0,1,3
DA:40,3
DA:41,3
DA:42,3
DA:43,3
DA:45,3
BRDA:45,1,0,-
BRDA:45,1,1,3
DA:46,3
DA:49,1
FN:49,UltraRentzStaking.unstake
FNDA:1,UltraRentzStaking.unstake
DA:50,1
BRDA:50,2,0,-
BRDA:50,2,1,1
DA:52,1
DA:53,1
DA:54,1
DA:55,1
DA:56,1
DA:58,1
DA:59,1
BRDA:59,3,0,1
BRDA:59,3,1,-
DA:60,1
DA:61,1
DA:63,0
DA:65,1
BRDA:65,4,0,-
BRDA:65,4,1,1
DA:66,1
DA:69,1
FN:69,UltraRentzStaking.pendingReward
FNDA:1,UltraRentzStaking.pendingReward
DA:70,5
DA:71,5
BRDA:71,5,0,3
DA:72,2
DA:74,2
DA:77,4
FN:77,UltraRentzStaking._updateReward
FNDA:4,UltraRentzStaking._updateReward
DA:78,4
DA:79,4
DA:86,1
FN:86,UltraRentzStaking.borrow
FNDA:1,UltraRentzStaking.borrow
DA:87,1
BRDA:87,6,0,-
BRDA:87,6,1,1
DA:89,1
DA:91,1
BRDA:91,7,0,-
BRDA:91,7,1,1
DA:92,1
DA:95,1
FN:95,UltraRentzStaking.repay
FNDA:1,UltraRentzStaking.repay
DA:96,1
BRDA:96,8,0,-
BRDA:96,8,1,1
DA:98,1
DA:100,1
BRDA:100,9,0,-
BRDA:100,9,1,1
DA:101,1
DA:104,1
FN:104,UltraRentzStaking.pause
FNDA:1,UltraRentzStaking.pause
DA:105,1
DA:108,1
FN:108,UltraRentzStaking.unpause
FNDA:1,UltraRentzStaking.unpause
DA:109,1
FNF:9
FNH:9
LF:47
LH:46
BRF:19
BRH:10
end_of_record
TN:
SF:src/contracts/UltraRentzToken.sol
DA:25,8
FN:25,UltraRentzToken.constructor
FNDA:8,UltraRentzToken.constructor
DA:26,8
DA:28,8
DA:37,2
FN:37,UltraRentzToken.mint
FNDA:2,UltraRentzToken.mint
DA:38,1
DA:39,1
DA:48,3
FN:48,UltraRentzToken.burn
FNDA:3,UltraRentzToken.burn
DA:49,2
DA:50,2
FNF:3
FNH:3
LF:9
LH:9
BRF:0
BRH:0
end_of_record
TN:
SF:test/Escrow.t.sol
DA:4,0
FN:4,ForceEther.go
FNDA:0,ForceEther.go
DA:5,0
DA:21,1
FN:21,TestERC20.burn
FNDA:1,TestERC20.burn
DA:22,1
DA:31,33
FN:31,TestERC20.mint
FNDA:33,TestERC20.mint
DA:32,33
DA:47,0
FN:47,Malicious.constructor
FNDA:0,Malicious.constructor
DA:48,0
DA:49,0
DA:52,0
FN:52,Malicious.fallback
FNDA:0,Malicious.fallback
DA:53,0
BRDA:53,0,0,-
DA:54,0
DA:55,0
BRDA:55,1,0,-
FNF:5
FNH:2
LF:13
LH:4
BRF:2
BRH:0
end_of_record
TN:
SF:test/EscrowDAOIntegration.t.sol
DA:11,3
FN:11,TestStableToken.mint
FNDA:3,TestStableToken.mint
FNF:1
FNH:1
LF:1
LH:1
BRF:0
BRH:0
end_of_record
TN:
SF:test/EscrowStateMachine.t.sol
DA:11,0
FN:11,TestStableToken.mint
FNDA:0,TestStableToken.mint
DA:28,8
FN:28,MockDAO.referDispute
FNDA:8,MockDAO.referDispute
DA:29,8
DA:31,5
FN:31,MockDAO.setDecision
FNDA:5,MockDAO.setDecision
DA:32,5
DA:33,5
DA:34,5
DA:36,2
FN:36,MockDAO.submitAppeal
FNDA:2,MockDAO.submitAppeal
DA:37,2
FNF:4
FNH:3
LF:9
LH:8
BRF:0
BRH:0
end_of_record
