TN:
SF:script/DeployEscrowFactory.s.sol
DA:8,0
FN:8,DeployEscrowFactory.setUp
FNDA:0,DeployEscrowFactory.setUp
DA:10,0
FN:10,DeployEscrowFactory.run
FNDA:0,DeployEscrowFactory.run
DA:12,0
DA:13,0
DA:16,0
DA:17,0
DA:18,0
DA:19,0
FNF:2
FNH:0
LF:8
LH:0
BRF:0
BRH:0
end_of_record
TN:
SF:script/DeployPolygon.s.sol
DA:8,0
FN:8,DeployPolygon.setUp
FNDA:0,DeployPolygon.setUp
DA:10,0
FN:10,DeployPolygon.run
FNDA:0,DeployPolygon.run
DA:12,0
DA:13,0
DA:14,0
DA:15,0
DA:16,0
DA:17,0
FNF:2
FNH:0
LF:8
LH:0
BRF:0
BRH:0
end_of_record
TN:
SF:script/DeployURZ.s.sol
DA:17,0
FN:17,DeployURZ.run
FNDA:0,DeployURZ.run
DA:20,0
DA:24,0
DA:27,0
DA:30,0
DA:31,0
FNF:1
FNH:0
LF:6
LH:0
BRF:0
BRH:0
end_of_record
TN:
SF:src/contracts/EscrowFactory.sol
DA:13,0
FN:13,EscrowFactory.constructor
FNDA:0,EscrowFactory.constructor
DA:14,0
BRDA:14,0,0,-
BRDA:14,0,1,-
DA:15,0
DA:20,0
FN:20,EscrowFactory.createEscrow
FNDA:0,EscrowFactory.createEscrow
DA:21,0
DA:22,0
FNF:2
FNH:0
LF:6
LH:0
BRF:2
BRH:0
end_of_record
TN:
SF:src/contracts/EscrowStateMachine.sol
DA:49,0
FN:49,EscrowStateMachine.onlyTenant
FNDA:0,EscrowStateMachine.onlyTenant
DA:50,0
BRDA:50,0,0,-
BRDA:50,0,1,7
DA:54,0
FN:54,EscrowStateMachine.onlyLandlord
FNDA:0,EscrowStateMachine.onlyLandlord
DA:55,0
BRDA:55,1,0,-
BRDA:55,1,1,-
DA:59,8
FN:59,EscrowStateMachine.constructor
FNDA:8,EscrowStateMachine.constructor
DA:60,8
DA:61,8
DA:64,8
FN:64,EscrowStateMachine.createEscrow
FNDA:8,EscrowStateMachine.createEscrow
DA:65,8
BRDA:65,2,0,-
BRDA:65,2,1,8
DA:66,8
BRDA:66,3,0,-
BRDA:66,3,1,8
DA:67,8
DA:68,8
DA:77,8
DA:80,7
FN:80,EscrowStateMachine.fundEscrow
FNDA:7,EscrowStateMachine.fundEscrow
DA:81,7
DA:82,7
BRDA:82,4,0,-
BRDA:82,4,1,7
DA:83,7
DA:84,7
DA:86,7
BRDA:86,5,0,-
BRDA:86,5,1,7
DA:87,7
DA:88,7
DA:89,7
DA:92,1
FN:92,EscrowStateMachine.raiseDispute
FNDA:1,EscrowStateMachine.raiseDispute
DA:93,1
DA:94,1
BRDA:94,6,0,-
BRDA:94,6,1,1
DA:95,1
DA:96,1
DA:97,1
DA:100,0
FN:100,EscrowStateMachine.referDisputeToDAO
FNDA:0,EscrowStateMachine.referDisputeToDAO
DA:101,0
DA:102,0
BRDA:102,7,0,-
BRDA:102,7,1,-
DA:103,0
BRDA:103,8,0,-
BRDA:103,8,1,-
DA:104,0
DA:105,0
DA:106,0
DA:109,0
FN:109,EscrowStateMachine.resolveByDAO
FNDA:0,EscrowStateMachine.resolveByDAO
DA:110,0
BRDA:110,9,0,-
BRDA:110,9,1,-
DA:111,0
DA:120,0
DA:121,0
DA:122,0
BRDA:122,10,0,-
BRDA:122,10,1,-
DA:123,0
BRDA:123,11,0,-
BRDA:123,11,1,-
DA:124,0
BRDA:124,12,0,-
BRDA:124,12,1,-
DA:125,0
DA:126,0
DA:127,0
BRDA:127,13,0,-
BRDA:127,13,1,-
DA:128,0
DA:129,0
DA:130,0
DA:131,0
BRDA:131,14,0,-
DA:132,0
DA:133,0
DA:135,0
DA:138,0
FN:138,EscrowStateMachine.appealToDAO
FNDA:0,EscrowStateMachine.appealToDAO
DA:139,0
BRDA:139,15,0,-
BRDA:139,15,1,-
DA:140,0
DA:149,0
DA:150,0
BRDA:150,16,0,-
BRDA:150,16,1,-
DA:151,0
BRDA:151,17,0,-
BRDA:151,17,1,-
DA:152,0
DA:153,0
DA:156,2
FN:156,EscrowStateMachine.releaseEscrow
FNDA:2,EscrowStateMachine.releaseEscrow
DA:157,2
DA:158,2
BRDA:158,18,0,-
BRDA:158,18,1,2
DA:159,2
DA:160,2
DA:162,2
BRDA:162,19,0,-
BRDA:162,19,1,2
DA:163,2
DA:164,2
DA:165,2
DA:168,2
FN:168,EscrowStateMachine.refundEscrow
FNDA:2,EscrowStateMachine.refundEscrow
DA:169,2
DA:170,2
BRDA:170,20,0,-
BRDA:170,20,1,2
DA:171,2
DA:172,2
DA:174,2
BRDA:174,21,0,-
BRDA:174,21,1,2
DA:175,2
DA:176,2
DA:177,2
FNF:11
FNH:6
LF:79
LH:42
BRF:43
BRH:10
end_of_record
TN:
SF:src/contracts/UltraRentzDAO.sol
DA:29,3
FN:29,UltraRentzDAO.constructor
FNDA:3,UltraRentzDAO.constructor
DA:30,3
BRDA:30,0,0,-
BRDA:30,0,1,3
DA:33,0
FN:33,UltraRentzDAO.receive
FNDA:0,UltraRentzDAO.receive
DA:34,0
DA:37,0
FN:37,UltraRentzDAO.referDispute
FNDA:0,UltraRentzDAO.referDispute
DA:38,0
BRDA:38,1,0,-
BRDA:38,1,1,-
DA:39,0
BRDA:39,2,0,-
BRDA:39,2,1,-
DA:40,0
DA:50,0
DA:53,0
FN:53,UltraRentzDAO.decideDispute
FNDA:0,UltraRentzDAO.decideDispute
DA:54,0
DA:55,0
BRDA:55,3,0,-
BRDA:55,3,1,-
DA:56,0
BRDA:56,4,0,-
BRDA:56,4,1,-
DA:57,0
DA:58,0
DA:59,0
DA:62,0
FN:62,UltraRentzDAO.submitAppeal
FNDA:0,UltraRentzDAO.submitAppeal
DA:63,0
DA:64,0
BRDA:64,5,0,-
BRDA:64,5,1,-
DA:65,0
BRDA:65,6,0,-
BRDA:65,6,1,-
DA:66,0
DA:67,0
DA:68,0
DA:69,0
DA:73,0
FN:73,UltraRentzDAO.pause
FNDA:0,UltraRentzDAO.pause
DA:74,0
DA:76,0
FN:76,UltraRentzDAO.unpause
FNDA:0,UltraRentzDAO.unpause
DA:77,0
FNF:7
FNH:1
LF:28
LH:2
BRF:14
BRH:1
end_of_record
TN:
SF:src/contracts/UltraRentzEscrow.sol
DA:25,8
FN:25,UltraRentzEscrow.rateCounterparty
FNDA:8,UltraRentzEscrow.rateCounterparty
DA:26,8
BRDA:26,0,0,-
BRDA:26,0,1,8
DA:27,8
DA:28,8
BRDA:28,1,0,-
BRDA:28,1,1,8
DA:29,8
BRDA:29,2,0,1
BRDA:29,2,1,7
DA:33,7
DA:34,7
BRDA:34,3,0,5
BRDA:34,3,1,1
DA:35,5
DA:36,2
BRDA:36,4,0,1
BRDA:36,4,1,1
DA:37,1
DA:39,1
DA:41,6
BRDA:41,5,0,1
BRDA:41,5,1,5
DA:42,5
DA:43,5
DA:44,5
DA:45,5
DA:49,3
FN:49,UltraRentzEscrow.getAverageRating
FNDA:3,UltraRentzEscrow.getAverageRating
DA:50,3
BRDA:50,6,0,-
DA:51,3
DA:102,12
FN:102,UltraRentzEscrow.onlyDAO
FNDA:12,UltraRentzEscrow.onlyDAO
DA:103,12
BRDA:103,7,0,-
BRDA:103,7,1,11
DA:107,9
FN:107,UltraRentzEscrow.onlyTenant
FNDA:9,UltraRentzEscrow.onlyTenant
DA:108,9
BRDA:108,8,0,-
BRDA:108,8,1,27
DA:112,0
FN:112,UltraRentzEscrow.onlySignatory
FNDA:0,UltraRentzEscrow.onlySignatory
DA:113,0
DA:114,0
DA:115,0
BRDA:115,9,0,-
DA:116,0
DA:117,0
DA:120,0
BRDA:120,10,0,1
BRDA:120,10,1,31
DA:124,25
FN:124,UltraRentzEscrow.constructor
FNDA:25,UltraRentzEscrow.constructor
DA:127,25
BRDA:127,11,0,-
BRDA:127,11,1,25
DA:130,0
FN:130,UltraRentzEscrow.receive
FNDA:0,UltraRentzEscrow.receive
DA:131,0
DA:135,26
FN:135,UltraRentzEscrow.createEscrow
FNDA:26,UltraRentzEscrow.createEscrow
DA:143,26
BRDA:143,12,0,-
BRDA:143,12,1,26
DA:144,26
BRDA:144,13,0,-
BRDA:144,13,1,26
DA:145,26
BRDA:145,14,0,-
BRDA:145,14,1,26
DA:146,26
BRDA:146,15,0,-
BRDA:146,15,1,26
DA:147,26
DA:148,156
BRDA:148,16,0,-
BRDA:148,16,1,156
DA:151,26
DA:152,26
BRDA:152,17,0,-
BRDA:152,17,1,26
DA:154,26
DA:155,26
DA:156,26
DA:157,26
DA:158,26
DA:159,26
DA:160,26
DA:161,26
DA:162,26
DA:163,26
DA:164,26
DA:166,26
DA:168,26
DA:171,27
FN:171,UltraRentzEscrow.fundEscrow
FNDA:27,UltraRentzEscrow.fundEscrow
DA:172,27
DA:173,27
BRDA:173,18,0,1
BRDA:173,18,1,26
DA:174,26
DA:175,25
DA:177,25
DA:180,32
FN:180,UltraRentzEscrow.approveRelease
FNDA:32,UltraRentzEscrow.approveRelease
DA:181,31
DA:182,31
BRDA:182,19,0,1
BRDA:182,19,1,30
DA:183,30
BRDA:183,20,0,1
BRDA:183,20,1,29
DA:185,29
DA:186,29
DA:188,29
DA:190,29
BRDA:190,21,0,7
DA:191,7
DA:195,0
FN:195,UltraRentzEscrow.releaseAfterEndDate
FNDA:0,UltraRentzEscrow.releaseAfterEndDate
DA:196,0
DA:197,0
BRDA:197,22,0,-
BRDA:197,22,1,-
DA:198,0
BRDA:198,23,0,-
BRDA:198,23,1,-
DA:199,0
BRDA:199,24,0,-
BRDA:199,24,1,-
DA:201,0
DA:202,0
DA:204,0
DA:206,0
BRDA:206,25,0,-
DA:207,0
DA:211,14
FN:211,UltraRentzEscrow.raiseDispute
FNDA:14,UltraRentzEscrow.raiseDispute
DA:212,13
DA:213,13
BRDA:213,26,0,-
BRDA:213,26,1,13
DA:215,13
DA:216,13
DA:218,13
DA:219,13
DA:225,12
FN:225,UltraRentzEscrow.resolveDispute
FNDA:12,UltraRentzEscrow.resolveDispute
DA:226,12
DA:227,12
BRDA:227,27,0,-
BRDA:227,27,1,12
DA:228,12
BRDA:228,28,0,1
BRDA:228,28,1,11
DA:231,11
DA:233,11
DA:237,9
FN:237,UltraRentzEscrow.submitAppeal
FNDA:9,UltraRentzEscrow.submitAppeal
DA:239,9
DA:242,9
BRDA:242,29,0,-
BRDA:242,29,1,9
DA:246,9
BRDA:246,30,0,1
BRDA:246,30,1,8
DA:248,8
DA:249,8
DA:250,8
DA:252,8
DA:253,8
DA:257,9
FN:257,UltraRentzEscrow.finalizeAppealDecision
FNDA:9,UltraRentzEscrow.finalizeAppealDecision
DA:258,8
DA:259,8
BRDA:259,31,0,-
BRDA:259,31,1,8
DA:260,8
BRDA:260,32,0,-
BRDA:260,32,1,8
DA:263,8
DA:265,8
DA:266,8
DA:270,11
FN:270,UltraRentzEscrow.finalizeEscrow
FNDA:11,UltraRentzEscrow.finalizeEscrow
DA:271,11
DA:274,11
DA:275,11
BRDA:275,33,0,-
BRDA:275,33,1,11
DA:278,11
DA:282,11
DA:284,11
BRDA:284,34,0,-
BRDA:284,34,1,11
DA:287,11
BRDA:287,35,0,6
BRDA:287,35,1,5
DA:288,6
DA:290,5
DA:295,19
FN:295,UltraRentzEscrow._recordResolution
FNDA:19,UltraRentzEscrow._recordResolution
DA:301,19
DA:303,11
BRDA:303,36,0,11
BRDA:303,36,1,8
DA:304,11
DA:306,8
DA:311,18
FN:311,UltraRentzEscrow._executeTransfer
FNDA:18,UltraRentzEscrow._executeTransfer
DA:312,18
DA:313,18
DA:314,13
BRDA:314,37,0,13
BRDA:314,37,1,5
DA:315,13
DA:316,13
DA:318,5
DA:319,5
DA:323,0
FN:323,UltraRentzEscrow.pause
FNDA:0,UltraRentzEscrow.pause
DA:324,0
DA:326,0
FN:326,UltraRentzEscrow.unpause
FNDA:0,UltraRentzEscrow.unpause
DA:327,0
DA:332,7
FN:332,UltraRentzEscrow._releaseToLandlord
FNDA:7,UltraRentzEscrow._releaseToLandlord
DA:333,7
DA:334,7
BRDA:334,38,0,-
BRDA:334,38,1,7
DA:337,7
DA:339,7
DA:341,7
DA:344,0
FN:344,UltraRentzEscrow.hasSignatoryApproved
FNDA:0,UltraRentzEscrow.hasSignatoryApproved
DA:345,0
DA:348,0
FN:348,UltraRentzEscrow.getSignatories
FNDA:0,UltraRentzEscrow.getSignatories
DA:349,0
DA:352,0
FN:352,UltraRentzEscrow.getEscrowStatus
FNDA:0,UltraRentzEscrow.getEscrowStatus
DA:353,0
DA:354,0
BRDA:354,39,0,-
DA:355,0
BRDA:355,40,0,-
DA:356,0
BRDA:356,41,0,-
DA:357,0
BRDA:357,42,0,-
DA:358,0
BRDA:358,43,0,-
DA:359,0
BRDA:359,44,0,-
DA:360,0
BRDA:360,45,0,-
DA:361,0
BRDA:361,46,0,-
DA:362,0
DA:365,2
FN:365,UltraRentzEscrow.getEscrowDetails
FNDA:2,UltraRentzEscrow.getEscrowDetails
DA:381,2
DA:382,2
FNF:25
FNH:17
LF:161
LH:123
BRF:82
BRH:46
end_of_record
TN:
SF:src/contracts/UltraRentzStable.sol
DA:23,10
FN:23,UltraRentzStable.constructor
FNDA:10,UltraRentzStable.constructor
DA:24,10
BRDA:24,0,0,-
BRDA:24,0,1,10
DA:25,10
DA:28,0
FN:28,UltraRentzStable.receive
FNDA:0,UltraRentzStable.receive
DA:29,0
DA:35,0
FN:35,UltraRentzStable.swap
FNDA:0,UltraRentzStable.swap
DA:37,0
DA:40,0
FN:40,UltraRentzStable.addLiquidity
FNDA:0,UltraRentzStable.addLiquidity
DA:42,0
DA:45,0
FN:45,UltraRentzStable.removeLiquidity
FNDA:0,UltraRentzStable.removeLiquidity
DA:47,0
DA:50,0
FN:50,UltraRentzStable.yieldFarm
FNDA:0,UltraRentzStable.yieldFarm
DA:52,0
DA:55,0
FN:55,UltraRentzStable.flashLoan
FNDA:0,UltraRentzStable.flashLoan
DA:57,0
DA:60,0
FN:60,UltraRentzStable.arbitrage
FNDA:0,UltraRentzStable.arbitrage
DA:62,0
DA:66,18
FN:66,UltraRentzStable.mint
FNDA:18,UltraRentzStable.mint
DA:67,18
BRDA:67,1,0,-
BRDA:67,1,1,18
DA:68,18
DA:71,4
FN:71,UltraRentzStable.burn
FNDA:4,UltraRentzStable.burn
DA:72,4
BRDA:72,2,0,-
BRDA:72,2,1,4
DA:73,4
DA:77,0
FN:77,UltraRentzStable.pause
FNDA:0,UltraRentzStable.pause
DA:78,0
DA:80,0
FN:80,UltraRentzStable.unpause
FNDA:0,UltraRentzStable.unpause
DA:81,0
FNF:12
FNH:3
LF:27
LH:9
BRF:6
BRH:3
end_of_record
TN:
SF:src/contracts/UltraRentzStaking.sol
DA:29,2
FN:29,UltraRentzStaking.constructor
FNDA:2,UltraRentzStaking.constructor
DA:30,2
DA:31,2
DA:34,2
FN:34,UltraRentzStaking.stake
FNDA:2,UltraRentzStaking.stake
DA:35,2
BRDA:35,0,0,-
BRDA:35,0,1,2
DA:36,2
DA:37,2
DA:38,2
DA:39,2
DA:40,2
DA:41,2
DA:44,1
FN:44,UltraRentzStaking.unstake
FNDA:1,UltraRentzStaking.unstake
DA:45,1
BRDA:45,1,0,-
BRDA:45,1,1,1
DA:46,1
DA:47,1
DA:48,1
DA:49,1
DA:50,1
DA:52,1
BRDA:52,2,0,1
BRDA:52,2,1,-
DA:54,1
DA:55,1
DA:57,0
DA:59,1
DA:62,0
FN:62,UltraRentzStaking.pendingReward
FNDA:0,UltraRentzStaking.pendingReward
DA:63,3
DA:64,3
BRDA:64,3,0,2
DA:65,1
DA:67,1
DA:70,3
FN:70,UltraRentzStaking._updateReward
FNDA:3,UltraRentzStaking._updateReward
DA:71,3
DA:72,3
DA:79,1
FN:79,UltraRentzStaking.borrow
FNDA:1,UltraRentzStaking.borrow
DA:80,1
BRDA:80,4,0,-
BRDA:80,4,1,1
DA:81,1
DA:82,1
DA:83,1
DA:86,1
FN:86,UltraRentzStaking.repay
FNDA:1,UltraRentzStaking.repay
DA:87,1
BRDA:87,5,0,-
BRDA:87,5,1,1
DA:88,1
DA:89,1
DA:90,1
DA:93,0
FN:93,UltraRentzStaking.pause
FNDA:0,UltraRentzStaking.pause
DA:94,0
DA:97,0
FN:97,UltraRentzStaking.unpause
FNDA:0,UltraRentzStaking.unpause
DA:98,0
FNF:9
FNH:6
LF:45
LH:39
BRF:11
BRH:6
end_of_record
TN:
SF:src/contracts/UltraRentzToken.sol
DA:25,7
FN:25,UltraRentzToken.constructor
FNDA:7,UltraRentzToken.constructor
DA:26,7
DA:28,7
DA:37,2
FN:37,UltraRentzToken.mint
FNDA:2,UltraRentzToken.mint
DA:38,1
DA:39,1
DA:48,3
FN:48,UltraRentzToken.burn
FNDA:3,UltraRentzToken.burn
DA:49,2
DA:50,2
FNF:3
FNH:3
LF:9
LH:9
BRF:0
BRH:0
end_of_record
TN:
SF:test/Escrow.t.sol
DA:13,1
FN:13,TestERC20.burn
FNDA:1,TestERC20.burn
DA:14,1
DA:23,22
FN:23,TestERC20.mint
FNDA:22,TestERC20.mint
DA:24,22
DA:39,0
FN:39,Malicious.constructor
FNDA:0,Malicious.constructor
DA:40,0
DA:41,0
DA:44,0
FN:44,Malicious.fallback
FNDA:0,Malicious.fallback
DA:45,0
BRDA:45,0,0,-
DA:46,0
DA:47,0
BRDA:47,1,0,-
FNF:4
FNH:2
LF:11
LH:4
BRF:2
BRH:0
end_of_record
TN:
SF:test/EscrowDAOIntegration.t.sol
DA:11,3
FN:11,TestStableToken.mint
FNDA:3,TestStableToken.mint
FNF:1
FNH:1
LF:1
LH:1
BRF:0
BRH:0
end_of_record
TN:
SF:test/EscrowStateMachine.t.sol
DA:11,0
FN:11,TestStableToken.mint
FNDA:0,TestStableToken.mint
FNF:1
FNH:0
LF:1
LH:0
BRF:0
BRH:0
end_of_record
